#
# There is insufficient memory for the Java Runtime Environment to continue.
# Native memory allocation (malloc) failed to allocate 32744 bytes for ChunkPool::allocate
# Possible reasons:
#   The system is out of physical RAM or swap space
#   The process is running with CompressedOops enabled, and the Java Heap may be blocking the growth of the native heap
# Possible solutions:
#   Reduce memory load on the system
#   Increase physical memory or swap space
#   Check if swap backing store is full
#   Decrease Java heap size (-Xmx/-Xms)
#   Decrease number of Java threads
#   Decrease Java thread stack sizes (-Xss)
#   Set larger code cache with -XX:ReservedCodeCacheSize=
#   JVM is running with Unscaled Compressed Oops mode in which the Java heap is
#     placed in the first 4GB address space. The Java Heap base address is the
#     maximum limit for the native heap growth. Please use -XX:HeapBaseMinAddress
#     to set the Java Heap base and to place the Java Heap above 4GB virtual address.
# This output file may be truncated or incomplete.
#
#  Out of Memory Error (t:/workspace/open/src/hotspot/share/memory/arena.cpp:81), pid=2884, tid=6676
#
# JRE version: Java(TM) SE Runtime Environment (12.0+33) (build 12+33)
# Java VM: Java HotSpot(TM) 64-Bit Server VM (12+33, mixed mode, sharing, tiered, compressed oops, g1 gc, windows-amd64)
# No core dump will be written. Minidumps are not enabled by default on client versions of Windows
#

---------------  S U M M A R Y ------------

Command Line: -ea -Dfile.encoding=Cp1252 org.testng.remote.RemoteTestNG -serport 49652 -protocol json -d C:\Users\Shanker\eclipse-workspace\Learn\test-output C:\Users\Shanker\AppData\Local\Temp\testng-eclipse--1379533146\testng-customsuite.xml

Host: Intel(R) Core(TM) i3-3110M CPU @ 2.40GHz, 4 cores, 3G,  Windows 7 , 64 bit Build 7601 (6.1.7601.17514)
Time: Tue Jan 14 12:52:35 2020 India Standard Time elapsed time: 54 seconds (0d 0h 0m 54s)

---------------  T H R E A D  ---------------

Current thread (0x000000001fb6a000):  JavaThread "C1 CompilerThread0" daemon [_thread_in_native, id=6676, stack(0x0000000020590000,0x0000000020690000)]


Current CompileTask:
C1:  54536 1810       3       java.util.Formatter::checkText (58 bytes)

Stack: [0x0000000020590000,0x0000000020690000]
Native frames: (J=compiled Java code, j=interpreted, Vv=VM code, C=native code)
V  [jvm.dll+0x63948a]
V  [jvm.dll+0x78b31f]
V  [jvm.dll+0x78c9c1]
V  [jvm.dll+0x78d013]
V  [jvm.dll+0x262138]
V  [jvm.dll+0xc5a56]
V  [jvm.dll+0xc5dac]
V  [jvm.dll+0x6bca6a]
V  [jvm.dll+0x16f38f]
V  [jvm.dll+0x16457c]
V  [jvm.dll+0x160d6e]
V  [jvm.dll+0x14beb0]
V  [jvm.dll+0x131809]
V  [jvm.dll+0x131109]
V  [jvm.dll+0x13133f]
V  [jvm.dll+0x1304a7]
V  [jvm.dll+0x132557]
V  [jvm.dll+0x22a534]
V  [jvm.dll+0x228b88]
V  [jvm.dll+0x74f660]
V  [jvm.dll+0x748648]
V  [jvm.dll+0x638566]
C  [ucrtbase.DLL+0x1d885]
C  [kernel32.dll+0x1652d]
C  [ntdll.dll+0x2c521]


---------------  P R O C E S S  ---------------

Threads class SMR info:
_java_thread_list=0x0000000022346d20, length=17, elements={
0x000000000026a800, 0x000000001fb49000, 0x000000001fb4a800, 0x000000001fb58000,
0x000000001fb63000, 0x000000001fb66000, 0x000000001fb6a000, 0x000000001fbcc800,
0x000000001fca2800, 0x000000001fca1800, 0x0000000020afa800, 0x0000000021a02800,
0x0000000021a4f800, 0x0000000021323000, 0x0000000022312800, 0x000000002233e800,
0x0000000022366800
}

Java Threads: ( => current thread )
  0x000000000026a800 JavaThread "Forwarding clickElement on session ef62485f-969e-4a46-a23e-fa7d6a060a6f to remote" [_thread_in_native, id=6820, stack(0x0000000002150000,0x0000000002250000)]
  0x000000001fb49000 JavaThread "Reference Handler" daemon [_thread_blocked, id=5684, stack(0x000000001fe70000,0x000000001ff70000)]
  0x000000001fb4a800 JavaThread "Finalizer" daemon [_thread_blocked, id=2748, stack(0x0000000020020000,0x0000000020120000)]
  0x000000001fb58000 JavaThread "Signal Dispatcher" daemon [_thread_blocked, id=5104, stack(0x000000001fd40000,0x000000001fe40000)]
  0x000000001fb63000 JavaThread "Attach Listener" daemon [_thread_blocked, id=3024, stack(0x0000000020270000,0x0000000020370000)]
  0x000000001fb66000 JavaThread "C2 CompilerThread0" daemon [_thread_blocked, id=2736, stack(0x0000000020420000,0x0000000020520000)]
=>0x000000001fb6a000 JavaThread "C1 CompilerThread0" daemon [_thread_in_native, id=6676, stack(0x0000000020590000,0x0000000020690000)]
  0x000000001fbcc800 JavaThread "Sweeper thread" daemon [_thread_blocked, id=4460, stack(0x0000000020130000,0x0000000020230000)]
  0x000000001fca2800 JavaThread "Service Thread" daemon [_thread_blocked, id=5252, stack(0x00000000206f0000,0x00000000207f0000)]
  0x000000001fca1800 JavaThread "Common-Cleaner" daemon [_thread_blocked, id=6620, stack(0x0000000020f50000,0x0000000021050000)]
  0x0000000020afa800 JavaThread "ReaderThread" [_thread_in_native, id=5116, stack(0x0000000021da0000,0x0000000021ea0000)]
  0x0000000021a02800 JavaThread "Exec Default Executor" daemon [_thread_in_native, id=6784, stack(0x0000000023530000,0x0000000023630000)]
  0x0000000021a4f800 JavaThread "Exec Stream Pumper" daemon [_thread_in_native, id=5472, stack(0x00000000236a0000,0x00000000237a0000)]
  0x0000000021323000 JavaThread "Exec Stream Pumper" daemon [_thread_in_native, id=5596, stack(0x0000000023800000,0x0000000023900000)]
  0x0000000022312800 JavaThread "ForkJoinPool.commonPool-worker-3" daemon [_thread_blocked, id=5628, stack(0x0000000023ba0000,0x0000000023ca0000)]
  0x000000002233e800 JavaThread "OkHttp ConnectionPool" daemon [_thread_blocked, id=348, stack(0x0000000020e00000,0x0000000020f00000)]
  0x0000000022366800 JavaThread "Okio Watchdog" daemon [_thread_blocked, id=6016, stack(0x0000000023e00000,0x0000000023f00000)]

Other Threads:
  0x000000001fb45800 VMThread "VM Thread" [stack: 0x000000001eff0000,0x000000001f0f0000] [id=5572]
  0x000000001fcaf800 WatcherThread [stack: 0x0000000020ce0000,0x0000000020de0000] [id=6236]
  0x0000000000295000 GCTaskThread "GC Thread#0" [stack: 0x000000001c660000,0x000000001c760000] [id=5424]
  0x00000000216cb000 GCTaskThread "GC Thread#1" [stack: 0x0000000021c80000,0x0000000021d80000] [id=6468]
  0x000000002189f800 GCTaskThread "GC Thread#2" [stack: 0x0000000021f10000,0x0000000022010000] [id=7160]
  0x00000000218a0000 GCTaskThread "GC Thread#3" [stack: 0x0000000022140000,0x0000000022240000] [id=7136]
  0x000000000029d000 ConcurrentGCThread "G1 Main Marker" [stack: 0x000000001c810000,0x000000001c910000] [id=6428]
  0x00000000002a1000 ConcurrentGCThread "G1 Conc#0" [stack: 0x000000001c520000,0x000000001c620000] [id=5616]
  0x000000001ed66800 ConcurrentGCThread "G1 Refine#0" [stack: 0x000000001eee0000,0x000000001efe0000] [id=6180]
  0x000000001ed68000 ConcurrentGCThread "G1 Young RemSet Sampling" [stack: 0x000000001f1b0000,0x000000001f2b0000] [id=6916]

Threads with active compile tasks:
C1 CompilerThread0  1810       3       java.util.Formatter::checkText (58 bytes)

VM state:not at safepoint (normal execution)

VM Mutex/Monitor currently owned by a thread: None

Heap address: 0x00000000c1a00000, size: 998 MB, Compressed Oops mode: 32-bit
Narrow klass base: 0x0000000800000000, Narrow klass shift: 3
Compressed class space size: 1073741824 Address: 0x00000008011a0000

Heap:
 garbage-first heap   total 65536K, used 27632K [0x00000000c1a00000, 0x0000000100000000)
  region size 1024K, 24 young (24576K), 1 survivors (1024K)
 Metaspace       used 14069K, capacity 14694K, committed 14848K, reserved 1062912K
  class space    used 1713K, capacity 1938K, committed 2048K, reserved 1048576K
Heap Regions: E=young(eden), S=young(survivor), O=old, HS=humongous(starts), HC=humongous(continues), CS=collection set, F=free, A=archive, TAMS=top-at-mark-start (previous, next)
|   0|0x00000000c1a00000, 0x00000000c1b00000, 0x00000000c1b00000|100%|HS|  |TAMS 0x00000000c1a00000, 0x00000000c1a00000| Complete 
|   1|0x00000000c1b00000, 0x00000000c1c00000, 0x00000000c1c00000|100%| O|  |TAMS 0x00000000c1b00000, 0x00000000c1b00000| Untracked 
|   2|0x00000000c1c00000, 0x00000000c1d00000, 0x00000000c1d00000|100%| O|  |TAMS 0x00000000c1c00000, 0x00000000c1c00000| Untracked 
|   3|0x00000000c1d00000, 0x00000000c1e00000, 0x00000000c1e00000|100%| O|  |TAMS 0x00000000c1d00000, 0x00000000c1d00000| Untracked 
|   4|0x00000000c1e00000, 0x00000000c1efce00, 0x00000000c1f00000| 98%| O|  |TAMS 0x00000000c1e00000, 0x00000000c1e00000| Untracked 
|   5|0x00000000c1f00000, 0x00000000c1f00000, 0x00000000c2000000|  0%| F|  |TAMS 0x00000000c1f00000, 0x00000000c1f00000| Untracked 
|   6|0x00000000c2000000, 0x00000000c2000000, 0x00000000c2100000|  0%| F|  |TAMS 0x00000000c2000000, 0x00000000c2000000| Untracked 
|   7|0x00000000c2100000, 0x00000000c2100000, 0x00000000c2200000|  0%| F|  |TAMS 0x00000000c2100000, 0x00000000c2100000| Untracked 
|   8|0x00000000c2200000, 0x00000000c2200000, 0x00000000c2300000|  0%| F|  |TAMS 0x00000000c2200000, 0x00000000c2200000| Untracked 
|   9|0x00000000c2300000, 0x00000000c2300000, 0x00000000c2400000|  0%| F|  |TAMS 0x00000000c2300000, 0x00000000c2300000| Untracked 
|  10|0x00000000c2400000, 0x00000000c2400000, 0x00000000c2500000|  0%| F|  |TAMS 0x00000000c2400000, 0x00000000c2400000| Untracked 
|  11|0x00000000c2500000, 0x00000000c2500000, 0x00000000c2600000|  0%| F|  |TAMS 0x00000000c2500000, 0x00000000c2500000| Untracked 
|  12|0x00000000c2600000, 0x00000000c2600000, 0x00000000c2700000|  0%| F|  |TAMS 0x00000000c2600000, 0x00000000c2600000| Untracked 
|  13|0x00000000c2700000, 0x00000000c2700000, 0x00000000c2800000|  0%| F|  |TAMS 0x00000000c2700000, 0x00000000c2700000| Untracked 
|  14|0x00000000c2800000, 0x00000000c2800000, 0x00000000c2900000|  0%| F|  |TAMS 0x00000000c2800000, 0x00000000c2800000| Untracked 
|  15|0x00000000c2900000, 0x00000000c2900000, 0x00000000c2a00000|  0%| F|  |TAMS 0x00000000c2900000, 0x00000000c2900000| Untracked 
|  16|0x00000000c2a00000, 0x00000000c2a00000, 0x00000000c2b00000|  0%| F|  |TAMS 0x00000000c2a00000, 0x00000000c2a00000| Untracked 
|  17|0x00000000c2b00000, 0x00000000c2b00000, 0x00000000c2c00000|  0%| F|  |TAMS 0x00000000c2b00000, 0x00000000c2b00000| Untracked 
|  18|0x00000000c2c00000, 0x00000000c2c00000, 0x00000000c2d00000|  0%| F|  |TAMS 0x00000000c2c00000, 0x00000000c2c00000| Untracked 
|  19|0x00000000c2d00000, 0x00000000c2d00000, 0x00000000c2e00000|  0%| F|  |TAMS 0x00000000c2d00000, 0x00000000c2d00000| Untracked 
|  20|0x00000000c2e00000, 0x00000000c2e00000, 0x00000000c2f00000|  0%| F|  |TAMS 0x00000000c2e00000, 0x00000000c2e00000| Untracked 
|  21|0x00000000c2f00000, 0x00000000c2f00000, 0x00000000c3000000|  0%| F|  |TAMS 0x00000000c2f00000, 0x00000000c2f00000| Untracked 
|  22|0x00000000c3000000, 0x00000000c3000000, 0x00000000c3100000|  0%| F|  |TAMS 0x00000000c3000000, 0x00000000c3000000| Untracked 
|  23|0x00000000c3100000, 0x00000000c3100000, 0x00000000c3200000|  0%| F|  |TAMS 0x00000000c3100000, 0x00000000c3100000| Untracked 
|  24|0x00000000c3200000, 0x00000000c3200000, 0x00000000c3300000|  0%| F|  |TAMS 0x00000000c3200000, 0x00000000c3200000| Untracked 
|  25|0x00000000c3300000, 0x00000000c3300000, 0x00000000c3400000|  0%| F|  |TAMS 0x00000000c3300000, 0x00000000c3300000| Untracked 
|  26|0x00000000c3400000, 0x00000000c3400000, 0x00000000c3500000|  0%| F|  |TAMS 0x00000000c3400000, 0x00000000c3400000| Untracked 
|  27|0x00000000c3500000, 0x00000000c3500000, 0x00000000c3600000|  0%| F|  |TAMS 0x00000000c3500000, 0x00000000c3500000| Untracked 
|  28|0x00000000c3600000, 0x00000000c3600000, 0x00000000c3700000|  0%| F|  |TAMS 0x00000000c3600000, 0x00000000c3600000| Untracked 
|  29|0x00000000c3700000, 0x00000000c3700000, 0x00000000c3800000|  0%| F|  |TAMS 0x00000000c3700000, 0x00000000c3700000| Untracked 
|  30|0x00000000c3800000, 0x00000000c3800000, 0x00000000c3900000|  0%| F|  |TAMS 0x00000000c3800000, 0x00000000c3800000| Untracked 
|  31|0x00000000c3900000, 0x00000000c3900000, 0x00000000c3a00000|  0%| F|  |TAMS 0x00000000c3900000, 0x00000000c3900000| Untracked 
|  32|0x00000000c3a00000, 0x00000000c3a00000, 0x00000000c3b00000|  0%| F|  |TAMS 0x00000000c3a00000, 0x00000000c3a00000| Untracked 
|  33|0x00000000c3b00000, 0x00000000c3b00000, 0x00000000c3c00000|  0%| F|  |TAMS 0x00000000c3b00000, 0x00000000c3b00000| Untracked 
|  34|0x00000000c3c00000, 0x00000000c3c00000, 0x00000000c3d00000|  0%| F|  |TAMS 0x00000000c3c00000, 0x00000000c3c00000| Untracked 
|  35|0x00000000c3d00000, 0x00000000c3d00000, 0x00000000c3e00000|  0%| F|  |TAMS 0x00000000c3d00000, 0x00000000c3d00000| Untracked 
|  36|0x00000000c3e00000, 0x00000000c3e00000, 0x00000000c3f00000|  0%| F|  |TAMS 0x00000000c3e00000, 0x00000000c3e00000| Untracked 
|  37|0x00000000c3f00000, 0x00000000c3f00000, 0x00000000c4000000|  0%| F|  |TAMS 0x00000000c3f00000, 0x00000000c3f00000| Untracked 
|  38|0x00000000c4000000, 0x00000000c4000000, 0x00000000c4100000|  0%| F|  |TAMS 0x00000000c4000000, 0x00000000c4000000| Untracked 
|  39|0x00000000c4100000, 0x00000000c4100000, 0x00000000c4200000|  0%| F|  |TAMS 0x00000000c4100000, 0x00000000c4100000| Untracked 
|  40|0x00000000c4200000, 0x00000000c4300000, 0x00000000c4300000|100%| E|  |TAMS 0x00000000c4200000, 0x00000000c4200000| Complete 
|  41|0x00000000c4300000, 0x00000000c4400000, 0x00000000c4400000|100%| E|CS|TAMS 0x00000000c4300000, 0x00000000c4300000| Complete 
|  42|0x00000000c4400000, 0x00000000c4500000, 0x00000000c4500000|100%| E|CS|TAMS 0x00000000c4400000, 0x00000000c4400000| Complete 
|  43|0x00000000c4500000, 0x00000000c4600000, 0x00000000c4600000|100%| E|CS|TAMS 0x00000000c4500000, 0x00000000c4500000| Complete 
|  44|0x00000000c4600000, 0x00000000c4700000, 0x00000000c4700000|100%| E|CS|TAMS 0x00000000c4600000, 0x00000000c4600000| Complete 
|  45|0x00000000c4700000, 0x00000000c4800000, 0x00000000c4800000|100%| E|CS|TAMS 0x00000000c4700000, 0x00000000c4700000| Complete 
|  46|0x00000000c4800000, 0x00000000c4900000, 0x00000000c4900000|100%| E|CS|TAMS 0x00000000c4800000, 0x00000000c4800000| Complete 
|  47|0x00000000c4900000, 0x00000000c4a00000, 0x00000000c4a00000|100%| E|CS|TAMS 0x00000000c4900000, 0x00000000c4900000| Complete 
|  48|0x00000000c4a00000, 0x00000000c4b00000, 0x00000000c4b00000|100%| E|CS|TAMS 0x00000000c4a00000, 0x00000000c4a00000| Complete 
|  49|0x00000000c4b00000, 0x00000000c4c00000, 0x00000000c4c00000|100%| E|CS|TAMS 0x00000000c4b00000, 0x00000000c4b00000| Complete 
|  50|0x00000000c4c00000, 0x00000000c4d00000, 0x00000000c4d00000|100%| E|CS|TAMS 0x00000000c4c00000, 0x00000000c4c00000| Complete 
|  51|0x00000000c4d00000, 0x00000000c4e00000, 0x00000000c4e00000|100%| E|CS|TAMS 0x00000000c4d00000, 0x00000000c4d00000| Complete 
|  52|0x00000000c4e00000, 0x00000000c4f00000, 0x00000000c4f00000|100%| E|CS|TAMS 0x00000000c4e00000, 0x00000000c4e00000| Complete 
|  53|0x00000000c4f00000, 0x00000000c4fff570, 0x00000000c5000000| 99%| S|CS|TAMS 0x00000000c4f00000, 0x00000000c4f00000| Complete 
|  54|0x00000000c5000000, 0x00000000c5100000, 0x00000000c5100000|100%| E|CS|TAMS 0x00000000c5000000, 0x00000000c5000000| Complete 
|  55|0x00000000c5100000, 0x00000000c5200000, 0x00000000c5200000|100%| E|CS|TAMS 0x00000000c5100000, 0x00000000c5100000| Complete 
|  56|0x00000000c5200000, 0x00000000c5300000, 0x00000000c5300000|100%| E|CS|TAMS 0x00000000c5200000, 0x00000000c5200000| Complete 
|  57|0x00000000c5300000, 0x00000000c5400000, 0x00000000c5400000|100%| E|CS|TAMS 0x00000000c5300000, 0x00000000c5300000| Complete 
|  58|0x00000000c5400000, 0x00000000c5500000, 0x00000000c5500000|100%| E|  |TAMS 0x00000000c5400000, 0x00000000c5400000| Complete 
|  59|0x00000000c5500000, 0x00000000c5600000, 0x00000000c5600000|100%| E|CS|TAMS 0x00000000c5500000, 0x00000000c5500000| Complete 
|  60|0x00000000c5600000, 0x00000000c5700000, 0x00000000c5700000|100%| E|CS|TAMS 0x00000000c5600000, 0x00000000c5600000| Complete 
|  61|0x00000000c5700000, 0x00000000c5800000, 0x00000000c5800000|100%| E|CS|TAMS 0x00000000c5700000, 0x00000000c5700000| Complete 
|  62|0x00000000c5800000, 0x00000000c5900000, 0x00000000c5900000|100%| E|CS|TAMS 0x00000000c5800000, 0x00000000c5800000| Complete 
|  63|0x00000000c5900000, 0x00000000c5a00000, 0x00000000c5a00000|100%| E|CS|TAMS 0x00000000c5900000, 0x00000000c5900000| Complete 

Card table byte_map: [0x000000001a190000,0x000000001a390000] _byte_map_base: 0x0000000019b83000

Marking Bits (Prev, Next): (CMBitMap*) 0x00000000002961e8, (CMBitMap*) 0x0000000000296228
 Prev Bits: [0x000000001a590000, 0x000000001b528000)
 Next Bits: [0x000000001b530000, 0x000000001c4c8000)

Polling page: 0x0000000002060000

Metaspace:

Usage:
  Non-class:     12.46 MB capacity,    12.07 MB ( 97%) used,   345.62 KB (  3%) free+waste,    54.38 KB ( <1%) overhead. 
      Class:      1.89 MB capacity,     1.67 MB ( 88%) used,   196.23 KB ( 10%) free+waste,    28.63 KB (  1%) overhead. 
       Both:     14.35 MB capacity,    13.74 MB ( 96%) used,   541.85 KB (  4%) free+waste,    83.00 KB ( <1%) overhead. 

Virtual space:
  Non-class space:       14.00 MB reserved,      12.50 MB ( 89%) committed 
      Class space:        1.00 GB reserved,       2.00 MB ( <1%) committed 
             Both:        1.01 GB reserved,      14.50 MB (  1%) committed 

Chunk freelists:
   Non-Class:  5.50 KB
       Class:  1.75 KB
        Both:  7.25 KB

CodeHeap 'non-profiled nmethods': size=120064Kb used=628Kb max_used=628Kb free=119436Kb
 bounds [0x0000000012520000, 0x0000000012790000, 0x0000000019a60000]
CodeHeap 'profiled nmethods': size=120000Kb used=3694Kb max_used=3694Kb free=116305Kb
 bounds [0x000000000aff0000, 0x000000000b390000, 0x0000000012520000]
CodeHeap 'non-nmethods': size=5696Kb used=1177Kb max_used=1191Kb free=4518Kb
 bounds [0x000000000aa60000, 0x000000000acd0000, 0x000000000aff0000]
 total_blobs=2690 nmethods=1809 adapters=417
 compilation: enabled
              stopped_count=0, restarted_count=0
 full_count=0

Compilation events (10 events):
Event: 54.397 Thread 0x000000001fb6a000 nmethod 1805 0x000000000b388f90 code [0x000000000b3891a0, 0x000000000b389680]
Event: 54.397 Thread 0x000000001fb6a000 1806       3       java.util.stream.ReferencePipeline$2::opWrapSink (10 bytes)
Event: 54.398 Thread 0x000000001fb6a000 nmethod 1806 0x000000000b389910 code [0x000000000b389b20, 0x000000000b38a170]
Event: 54.398 Thread 0x000000001fb6a000 1807       3       java.util.stream.ReferencePipeline$2$1::<init> (11 bytes)
Event: 54.399 Thread 0x000000001fb6a000 nmethod 1807 0x000000000b38a390 code [0x000000000b38a580, 0x000000000b38ab10]
Event: 54.399 Thread 0x000000001fb6a000 1808       3       java.util.stream.ReferencePipeline$2$1::begin (13 bytes)
Event: 54.399 Thread 0x000000001fb6a000 nmethod 1808 0x000000000b38ac90 code [0x000000000b38ae60, 0x000000000b38b0b0]
Event: 54.400 Thread 0x000000001fb6a000 1809       3       java.lang.Throwable::<init> (34 bytes)
Event: 54.401 Thread 0x000000001fb6a000 nmethod 1809 0x000000000b38b190 code [0x000000000b38b380, 0x000000000b38b7d0]
Event: 54.401 Thread 0x000000001fb6a000 1810       3       java.util.Formatter::checkText (58 bytes)

GC Heap History (4 events):
Event: 2.261 GC heap before
{Heap before GC invocations=0 (full 0):
 garbage-first heap   total 65536K, used 15360K [0x00000000c1a00000, 0x0000000100000000)
  region size 1024K, 14 young (14336K), 0 survivors (0K)
 Metaspace       used 5523K, capacity 6576K, committed 6912K, reserved 1056768K
  class space    used 611K, capacity 683K, committed 768K, reserved 1048576K
}
Event: 2.274 GC heap after
{Heap after GC invocations=1 (full 0):
 garbage-first heap   total 65536K, used 5342K [0x00000000c1a00000, 0x0000000100000000)
  region size 1024K, 2 young (2048K), 2 survivors (2048K)
 Metaspace       used 5523K, capacity 6576K, committed 6912K, reserved 1056768K
  class space    used 611K, capacity 683K, committed 768K, reserved 1048576K
}
Event: 3.068 GC heap before
{Heap before GC invocations=1 (full 0):
 garbage-first heap   total 65536K, used 15582K [0x00000000c1a00000, 0x0000000100000000)
  region size 1024K, 12 young (12288K), 2 survivors (2048K)
 Metaspace       used 8959K, capacity 9317K, committed 9472K, reserved 1056768K
  class space    used 1025K, capacity 1159K, committed 1280K, reserved 1048576K
}
Event: 3.073 GC heap after
{Heap after GC invocations=2 (full 0):
 garbage-first heap   total 65536K, used 6128K [0x00000000c1a00000, 0x0000000100000000)
  region size 1024K, 1 young (1024K), 1 survivors (1024K)
 Metaspace       used 8959K, capacity 9317K, committed 9472K, reserved 1056768K
  class space    used 1025K, capacity 1159K, committed 1280K, reserved 1048576K
}

Deoptimization events (10 events):
Event: 4.679 Thread 0x000000000026a800 Uncommon trap: reason=unstable_if action=reinterpret pc=0x000000001257fc74 method=java.lang.CharacterDataLatin1.digit(II)I @ 12 c2
Event: 23.913 Thread 0x000000000026a800 Uncommon trap: reason=class_check action=maybe_recompile pc=0x00000000125a6bc4 method=org.openqa.selenium.json.Input.init()V @ 18 c2
Event: 23.913 Thread 0x000000000026a800 Uncommon trap: reason=class_check action=maybe_recompile pc=0x00000000125a6bc4 method=org.openqa.selenium.json.Input.init()V @ 18 c2
Event: 23.913 Thread 0x000000000026a800 Uncommon trap: reason=class_check action=maybe_recompile pc=0x00000000125a6bc4 method=org.openqa.selenium.json.Input.init()V @ 18 c2
Event: 23.913 Thread 0x000000000026a800 Uncommon trap: reason=class_check action=maybe_recompile pc=0x00000000125a6bc4 method=org.openqa.selenium.json.Input.init()V @ 18 c2
Event: 24.819 Thread 0x000000000026a800 Uncommon trap: reason=unstable_if action=reinterpret pc=0x000000001258efc8 method=java.util.concurrent.ConcurrentHashMap.putVal(Ljava/lang/Object;Ljava/lang/Object;Z)Ljava/lang/Object; @ 256 c2
Event: 48.426 Thread 0x000000000026a800 Uncommon trap: reason=bimorphic_or_optimized_type_check action=maybe_recompile pc=0x00000000125b8724 method=java.util.regex.Pattern$Start.match(Ljava/util/regex/Matcher;ILjava/lang/CharSequence;)Z @ 44 c2
Event: 48.426 Thread 0x000000000026a800 Uncommon trap: reason=bimorphic_or_optimized_type_check action=maybe_recompile pc=0x00000000125b8724 method=java.util.regex.Pattern$Start.match(Ljava/util/regex/Matcher;ILjava/lang/CharSequence;)Z @ 44 c2
Event: 48.426 Thread 0x000000000026a800 Uncommon trap: reason=bimorphic_or_optimized_type_check action=maybe_recompile pc=0x00000000125b8724 method=java.util.regex.Pattern$Start.match(Ljava/util/regex/Matcher;ILjava/lang/CharSequence;)Z @ 44 c2
Event: 48.426 Thread 0x000000000026a800 Uncommon trap: reason=bimorphic_or_optimized_type_check action=maybe_recompile pc=0x00000000125b8724 method=java.util.regex.Pattern$Start.match(Ljava/util/regex/Matcher;ILjava/lang/CharSequence;)Z @ 44 c2

Classes redefined (0 events):
No events

Internal exceptions (10 events):
Event: 26.045 Thread 0x000000000026a800 Exception <a 'java/net/SocketTimeoutException'{0x00000000c44e3e30}: Read timed out> (0x00000000c44e3e30) thrown at [t:/workspace/open/src/hotspot/share/prims/jni.cpp, line 636]
Event: 32.346 Thread 0x000000000026a800 Exception <a 'java/net/SocketTimeoutException'{0x00000000c44fe6c0}: Read timed out> (0x00000000c44fe6c0) thrown at [t:/workspace/open/src/hotspot/share/prims/jni.cpp, line 636]
Event: 47.715 Thread 0x000000000026a800 Exception <a 'java/net/SocketTimeoutException'{0x00000000c43b39c8}: Read timed out> (0x00000000c43b39c8) thrown at [t:/workspace/open/src/hotspot/share/prims/jni.cpp, line 636]
Event: 47.995 Thread 0x000000000026a800 Exception <a 'java/net/SocketTimeoutException'{0x00000000c43eec60}: Read timed out> (0x00000000c43eec60) thrown at [t:/workspace/open/src/hotspot/share/prims/jni.cpp, line 636]
Event: 48.085 Thread 0x000000000026a800 Exception <a 'java/net/SocketTimeoutException'{0x00000000c4202f90}: Read timed out> (0x00000000c4202f90) thrown at [t:/workspace/open/src/hotspot/share/prims/jni.cpp, line 636]
Event: 48.105 Thread 0x000000000026a800 Exception <a 'java/net/SocketTimeoutException'{0x00000000c4220678}: Read timed out> (0x00000000c4220678) thrown at [t:/workspace/open/src/hotspot/share/prims/jni.cpp, line 636]
Event: 48.155 Thread 0x000000000026a800 Exception <a 'java/net/SocketTimeoutException'{0x00000000c4233570}: Read timed out> (0x00000000c4233570) thrown at [t:/workspace/open/src/hotspot/share/prims/jni.cpp, line 636]
Event: 48.176 Thread 0x000000000026a800 Exception <a 'java/net/SocketTimeoutException'{0x00000000c424b2c0}: Read timed out> (0x00000000c424b2c0) thrown at [t:/workspace/open/src/hotspot/share/prims/jni.cpp, line 636]
Event: 48.445 Thread 0x000000000026a800 Exception <a 'java/net/SocketTimeoutException'{0x00000000c428bda8}: Read timed out> (0x00000000c428bda8) thrown at [t:/workspace/open/src/hotspot/share/prims/jni.cpp, line 636]
Event: 54.403 Thread 0x000000000026a800 Exception <a 'java/net/SocketTimeoutException'{0x00000000c42a3aa8}: Read timed out> (0x00000000c42a3aa8) thrown at [t:/workspace/open/src/hotspot/share/prims/jni.cpp, line 636]

Events (10 events):
Event: 48.426 Thread 0x000000000026a800 Uncommon trap: trap_request=0xffffffc6 fr.pc=0x00000000125b8724 relative=0x0000000000000a24
Event: 48.426 Thread 0x000000000026a800 DEOPT PACKING pc=0x00000000125b8724 sp=0x000000000224dde0
Event: 48.426 Thread 0x000000000026a800 DEOPT UNPACKING pc=0x000000000aa89b2f sp=0x000000000224dd50 mode 2
Event: 48.426 Thread 0x000000000026a800 Uncommon trap: trap_request=0xffffffc6 fr.pc=0x00000000125b8724 relative=0x0000000000000a24
Event: 48.426 Thread 0x000000000026a800 DEOPT PACKING pc=0x00000000125b8724 sp=0x000000000224dde0
Event: 48.426 Thread 0x000000000026a800 DEOPT UNPACKING pc=0x000000000aa89b2f sp=0x000000000224dd50 mode 2
Event: 48.430 loading class org/testng/shaded/com/google/gson/internal/$Gson$Types$GenericArrayTypeImpl
Event: 48.430 loading class org/testng/shaded/com/google/gson/internal/$Gson$Types$GenericArrayTypeImpl done
Event: 48.432 loading class jdk/internal/reflect/UnsafeLongFieldAccessorImpl
Event: 48.433 loading class jdk/internal/reflect/UnsafeLongFieldAccessorImpl done


Dynamic libraries:
0x000000013ff60000 - 0x000000013ff6f000 	C:\Program Files\Java\jdk-12\bin\javaw.exe
0x0000000077680000 - 0x0000000077829000 	C:\Windows\SYSTEM32\ntdll.dll
0x000007fef5b70000 - 0x000007fef5b82000 	C:\Program Files\AVAST Software\Avast\aswhook.dll
0x0000000077460000 - 0x000000007757f000 	C:\Windows\system32\kernel32.dll
0x000007fefd830000 - 0x000007fefd89b000 	C:\Windows\system32\KERNELBASE.dll
0x000007fef6610000 - 0x000007fef6628000 	C:\Program Files\Java\jdk-12\bin\jli.dll
0x000007feff320000 - 0x000007feff3fb000 	C:\Windows\system32\ADVAPI32.dll
0x000007feff0a0000 - 0x000007feff13f000 	C:\Windows\system32\msvcrt.dll
0x000007feff400000 - 0x000007feff41f000 	C:\Windows\SYSTEM32\sechost.dll
0x000007fefe960000 - 0x000007fefea8d000 	C:\Windows\system32\RPCRT4.dll
0x000007fefbfc0000 - 0x000007fefc1b4000 	C:\Windows\WinSxS\amd64_microsoft.windows.common-controls_6595b64144ccf1df_6.0.7601.17514_none_fa396087175ac9ac\COMCTL32.dll
0x000007fefea90000 - 0x000007fefeaf7000 	C:\Windows\system32\GDI32.dll
0x0000000077580000 - 0x000000007767a000 	C:\Windows\system32\USER32.dll
0x000007fefeb00000 - 0x000007fefeb0e000 	C:\Windows\system32\LPK.dll
0x000007feff140000 - 0x000007feff209000 	C:\Windows\system32\USP10.dll
0x000007feff870000 - 0x000007feff8e1000 	C:\Windows\system32\SHLWAPI.dll
0x000007fefc730000 - 0x000007fefc73c000 	C:\Windows\system32\VERSION.dll
0x000007fef6580000 - 0x000007fef6596000 	C:\Program Files\Java\jdk-12\bin\VCRUNTIME140.dll
0x000007fef1a80000 - 0x000007fef1a84000 	C:\Program Files\Java\jdk-12\bin\api-ms-win-crt-runtime-l1-1-0.dll
0x000007fef26c0000 - 0x000007fef27b6000 	C:\Program Files\Java\jdk-12\bin\ucrtbase.DLL
0x000007feedf00000 - 0x000007feedf03000 	C:\Program Files\Java\jdk-12\bin\api-ms-win-core-localization-l1-2-0.dll
0x000007fededc0000 - 0x000007fededc3000 	C:\Program Files\Java\jdk-12\bin\api-ms-win-core-processthreads-l1-1-1.dll
0x000007fededb0000 - 0x000007fededb3000 	C:\Program Files\Java\jdk-12\bin\api-ms-win-core-file-l1-2-0.dll
0x000007fef18c0000 - 0x000007fef18c3000 	C:\Program Files\Java\jdk-12\bin\api-ms-win-core-timezone-l1-1-0.dll
0x000007fef1140000 - 0x000007fef1143000 	C:\Program Files\Java\jdk-12\bin\api-ms-win-core-file-l2-1-0.dll
0x000007fee7210000 - 0x000007fee7213000 	C:\Program Files\Java\jdk-12\bin\api-ms-win-core-synch-l1-2-0.dll
0x000007feded90000 - 0x000007feded94000 	C:\Program Files\Java\jdk-12\bin\api-ms-win-crt-string-l1-1-0.dll
0x000007fededa0000 - 0x000007fededa3000 	C:\Program Files\Java\jdk-12\bin\api-ms-win-crt-heap-l1-1-0.dll
0x000007feded80000 - 0x000007feded84000 	C:\Program Files\Java\jdk-12\bin\api-ms-win-crt-stdio-l1-1-0.dll
0x000007feded70000 - 0x000007feded74000 	C:\Program Files\Java\jdk-12\bin\api-ms-win-crt-convert-l1-1-0.dll
0x000007feded60000 - 0x000007feded63000 	C:\Program Files\Java\jdk-12\bin\api-ms-win-crt-environment-l1-1-0.dll
0x000007feded30000 - 0x000007feded33000 	C:\Program Files\Java\jdk-12\bin\api-ms-win-crt-filesystem-l1-1-0.dll
0x000007feded40000 - 0x000007feded45000 	C:\Program Files\Java\jdk-12\bin\api-ms-win-crt-math-l1-1-0.dll
0x000007fefa750000 - 0x000007fefa753000 	C:\Program Files\Java\jdk-12\bin\api-ms-win-crt-locale-l1-1-0.dll
0x000007fefdb00000 - 0x000007fefdb2e000 	C:\Windows\system32\IMM32.DLL
0x000007feff210000 - 0x000007feff319000 	C:\Windows\system32\MSCTF.dll
0x000007fee1dc0000 - 0x000007fee1e6a000 	C:\Program Files\Java\jdk-12\bin\msvcp140.dll
0x000007fef6860000 - 0x000007fef6865000 	C:\Program Files\Java\jdk-12\bin\api-ms-win-crt-multibyte-l1-1-0.dll
0x000007feded20000 - 0x000007feded23000 	C:\Program Files\Java\jdk-12\bin\api-ms-win-crt-time-l1-1-0.dll
0x000007feded50000 - 0x000007feded53000 	C:\Program Files\Java\jdk-12\bin\api-ms-win-crt-utility-l1-1-0.dll
0x000007fedeef0000 - 0x000007fedfa64000 	C:\Program Files\Java\jdk-12\bin\server\jvm.dll
0x000007fefa270000 - 0x000007fefa279000 	C:\Windows\system32\WSOCK32.dll
0x000007feff630000 - 0x000007feff67d000 	C:\Windows\system32\WS2_32.dll
0x000007feff860000 - 0x000007feff868000 	C:\Windows\system32\NSI.dll
0x000007fefb4f0000 - 0x000007fefb52b000 	C:\Windows\system32\WINMM.dll
0x0000000077850000 - 0x0000000077857000 	C:\Windows\system32\PSAPI.DLL
0x000007feded00000 - 0x000007feded11000 	C:\Program Files\Java\jdk-12\bin\verify.dll
0x000007fef93d0000 - 0x000007fef94f5000 	C:\Windows\system32\DBGHELP.DLL
0x000007fedecd0000 - 0x000007fedecf6000 	C:\Program Files\Java\jdk-12\bin\java.dll
0x000007fedecb0000 - 0x000007fedecc7000 	C:\Program Files\Java\jdk-12\bin\zip.dll
0x000007fedeca0000 - 0x000007fedecaa000 	C:\Program Files\Java\jdk-12\bin\jimage.dll
0x000007fefdb30000 - 0x000007fefe8b8000 	C:\Windows\system32\SHELL32.dll
0x000007feff420000 - 0x000007feff623000 	C:\Windows\system32\ole32.dll
0x000007fefd5d0000 - 0x000007fefd5df000 	C:\Windows\system32\profapi.dll
0x000007fedec80000 - 0x000007fedec99000 	C:\Program Files\Java\jdk-12\bin\net.dll
0x000007fef95c0000 - 0x000007fef9631000 	C:\Windows\system32\WINHTTP.dll
0x000007fef9550000 - 0x000007fef95b4000 	C:\Windows\system32\webio.dll
0x000007feff680000 - 0x000007feff7f8000 	C:\Windows\system32\urlmon.dll
0x000007fefeb30000 - 0x000007fefec5a000 	C:\Windows\system32\WININET.dll
0x000007fefec60000 - 0x000007fefeeb9000 	C:\Windows\system32\iertutil.dll
0x000007fefda20000 - 0x000007fefdaf7000 	C:\Windows\system32\OLEAUT32.dll
0x000007fefd6c0000 - 0x000007fefd827000 	C:\Windows\system32\CRYPT32.dll
0x000007fefd670000 - 0x000007fefd67f000 	C:\Windows\system32\MSASN1.dll
0x000007fefce00000 - 0x000007fefce55000 	C:\Windows\system32\mswsock.dll
0x000007fefcdf0000 - 0x000007fefcdf7000 	C:\Windows\System32\wship6.dll
0x000007fedec60000 - 0x000007fedec73000 	C:\Program Files\Java\jdk-12\bin\nio.dll
0x000007fefc800000 - 0x000007fefc807000 	C:\Windows\System32\wshtcpip.dll
0x000007fefcc80000 - 0x000007fefccdb000 	C:\Windows\system32\DNSAPI.dll
0x000007fefb220000 - 0x000007fefb247000 	C:\Windows\system32\IPHLPAPI.DLL
0x000007fefb150000 - 0x000007fefb15b000 	C:\Windows\system32\WINNSI.DLL
0x000007fef5c30000 - 0x000007fef5c38000 	C:\Windows\system32\rasadhlp.dll
0x000007fefb0e0000 - 0x000007fefb133000 	C:\Windows\System32\fwpuclnt.dll
0x000007fefce60000 - 0x000007fefce77000 	C:\Windows\system32\CRYPTSP.dll
0x000007fefcb60000 - 0x000007fefcba7000 	C:\Windows\system32\rsaenh.dll
0x000007fefc910000 - 0x000007fefc92e000 	C:\Windows\system32\USERENV.dll
0x000007fefd4c0000 - 0x000007fefd4cf000 	C:\Windows\system32\CRYPTBASE.dll
0x000007fefb050000 - 0x000007fefb068000 	C:\Windows\system32\dhcpcsvc.DLL
0x000007fefaca0000 - 0x000007fefacb1000 	C:\Windows\system32\dhcpcsvc6.DLL
0x000007fef8900000 - 0x000007fef890e000 	C:\Program Files\Java\jdk-12\bin\sunmscapi.dll
0x000007fefcfe0000 - 0x000007fefd02e000 	C:\Windows\system32\ncrypt.dll
0x000007fefcfb0000 - 0x000007fefcfd2000 	C:\Windows\system32\bcrypt.dll
0x000007fed7700000 - 0x000007fed7727000 	C:\Program Files\Java\jdk-12\bin\sunec.dll
0x000007fefd460000 - 0x000007fefd4b7000 	C:\Windows\system32\apphelp.dll

dbghelp: loaded successfully - version: 4.0.5 - missing functions: none
symbol engine: initialized successfully - sym options: 0x614 - pdb path: .;C:\Program Files\Java\jdk-12\bin;C:\Windows\SYSTEM32;C:\Program Files\AVAST Software\Avast;C:\Windows\WinSxS\amd64_microsoft.windows.common-controls_6595b64144ccf1df_6.0.7601.17514_none_fa396087175ac9ac;C:\Program Files\Java\jdk-12\bin\server

VM Arguments:
jvm_args: -ea -Dfile.encoding=Cp1252 
java_command: org.testng.remote.RemoteTestNG -serport 49652 -protocol json -d C:\Users\Shanker\eclipse-workspace\Learn\test-output C:\Users\Shanker\AppData\Local\Temp\testng-eclipse--1379533146\testng-customsuite.xml
java_class_path (initial): C:\Users\Shanker\eclipse\jee-2019-09\eclipse\configuration\org.eclipse.osgi\969\0\.cp\lib\testng-remote.jar;C:\Users\Shanker\eclipse-workspace\Learn\bin;C:\Users\Shanker\Downloads\poi-4.1.1\poi-4.1.1.jar;C:\Users\Shanker\Downloads\poi-4.1.1\poi-examples-4.1.1.jar;C:\Users\Shanker\Downloads\poi-4.1.1\poi-excelant-4.1.1.jar;C:\Users\Shanker\Downloads\poi-4.1.1\poi-ooxml-4.1.1.jar;C:\Users\Shanker\Downloads\poi-4.1.1\poi-ooxml-schemas-4.1.1.jar;C:\Users\Shanker\Downloads\poi-4.1.1\poi-scratchpad-4.1.1.jar;C:\Users\Shanker\Downloads\poi-4.1.1\lib\activation-1.1.1.jar;C:\Users\Shanker\Downloads\poi-4.1.1\lib\commons-codec-1.13.jar;C:\Users\Shanker\Downloads\poi-4.1.1\lib\commons-collections4-4.4.jar;C:\Users\Shanker\Downloads\poi-4.1.1\lib\commons-compress-1.19.jar;C:\Users\Shanker\Downloads\poi-4.1.1\lib\commons-logging-1.2.jar;C:\Users\Shanker\Downloads\poi-4.1.1\lib\commons-math3-3.6.1.jar;C:\Users\Shanker\Downloads\poi-4.1.1\lib\jaxb-api-2.3.1.jar;C:\Users\Shanker\Downloads\poi-4.1.1\lib\jaxb-core-2.3.0.1.jar;C:\Users\Shanker\Downloads\poi-4.1.1\lib\jaxb-impl-2.3.2.jar;C:\Users\Shanker\Downloads\poi-4.1.1\lib\junit-4.12.jar;C:\Users\Shanker\Downloads\poi-4.1.1\lib\log4j-1.2.17.jar;C:\Users\Shanker\Downloads\poi-4.1.1\ooxml-lib\curvesapi-1.06.jar;C:\Users\Shanker\Downloads\poi-4.1.1\ooxml-lib\xmlbeans-3.1.0.jar;C:\selenium\libs\byte-buddy-1.8.15.jar;C:\selenium\libs\commons-exec-1.3.jar;C:\selenium\libs\guava-25.0-jre.jar;C:\selenium\libs\okhttp-3.11.0.jar;C:\selenium\libs\okio-1.14.0.jar;C:\selenium\client-combined-3.141.59.jar;C:\selenium\client-combined-3.141.59-sources.jar;C:\Users\Shanker\.p2\pool\plugins\org.testng_7.0.0.r201908191551.jar;C:\Users\Shanker\.p2\pool\plugins\com.beust.jcommander_1.72.0.jar;C:\Users\Shanker\.p2\pool\plugins\org.apache-extras.beanshell.bsh_2.0.0.b6.jar;C:\Users\Shanker\.p2\pool\plugins\org.yaml.snakeyaml_1.21.0.jar
Launcher Type: SUN_STANDARD

[Global flags]
     intx CICompilerCount                          = 3                                         {product} {ergonomic}
     uint ConcGCThreads                            = 1                                         {product} {ergonomic}
     uint G1ConcRefinementThreads                  = 4                                         {product} {ergonomic}
   size_t G1HeapRegionSize                         = 1048576                                   {product} {ergonomic}
    uintx GCDrainStackTargetSize                   = 64                                        {product} {ergonomic}
   size_t InitialHeapSize                          = 67108864                                  {product} {ergonomic}
   size_t MarkStackSize                            = 4194304                                   {product} {ergonomic}
   size_t MaxHeapSize                              = 1046478848                                {product} {ergonomic}
   size_t MaxNewSize                               = 627048448                                 {product} {ergonomic}
   size_t MinHeapDeltaBytes                        = 1048576                                   {product} {ergonomic}
    uintx NonNMethodCodeHeapSize                   = 5830732                                {pd product} {ergonomic}
    uintx NonProfiledCodeHeapSize                  = 122913754                              {pd product} {ergonomic}
    uintx ProfiledCodeHeapSize                     = 122913754                              {pd product} {ergonomic}
    uintx ReservedCodeCacheSize                    = 251658240                              {pd product} {ergonomic}
     bool SegmentedCodeCache                       = true                                      {product} {ergonomic}
     bool UseCompressedClassPointers               = true                                 {lp64_product} {ergonomic}
     bool UseCompressedOops                        = true                                 {lp64_product} {ergonomic}
     bool UseG1GC                                  = true                                      {product} {ergonomic}
     bool UseLargePagesIndividualAllocation        = false                                  {pd product} {ergonomic}

Logging:
Log output configuration:
 #0: stdout all=warning uptime,level,tags
 #1: stderr all=off uptime,level,tags

Environment Variables:
JAVA_HOME=C:\jdk1.7.0_67
CLASSPATH=C:\oraclexe\app\oracle\product\11.2.0\server\jdbc\lib\ojdbc5.jar;
PATH=C:/Program Files/Java/jdk-12/bin/server;C:/Program Files/Java/jdk-12/bin;C:\oraclexe\app\oracle\product\11.2.0\server;C:\oraclexe\app\oracle\product\11.2.0\server\bin;;C:\Program Files (x86)\Intel\iCLS Client\;C:\Program Files\Intel\iCLS Client\;C:\Program Files (x86)\PC Connectivity Solution\;C:\Windows\system32;C:\Windows;C:\Windows\System32\Wbem;C:\Windows\System32\WindowsPowerShell\v1.0\;C:\Program Files\Intel\Intel(R) Management Engine Components\DAL;C:\Program Files (x86)\Intel\Intel(R) Management Engine Components\DAL;C:\Program Files\Intel\Intel(R) Management Engine Components\IPT;C:\Program Files (x86)\Intel\Intel(R) Management Engine Components\IPT;C:\Program Files\nodejs;C:\Program Files\Java\jdk-12\bin;C:\jdk1.7.0_67\bin;C:\oraclexe\app\oracle\product\11.2.0\server\bin;C:\Users\Shanker\AppData\Roaming\npm;C:\Program Files\Microsoft VS Code\bin;C:\Users\Shanker\AppData\Roaming\npm\node_modules;C:\Users\Shanker\Desktop;
USERNAME=Shanker
LD_LIBRARY_PATH=C:\oraclexe\app\oracle\product\11.2.0\server
OS=Windows_NT
PROCESSOR_IDENTIFIER=Intel64 Family 6 Model 58 Stepping 9, GenuineIntel



---------------  S Y S T E M  ---------------

OS: Windows 7 , 64 bit Build 7601 (6.1.7601.17514)

CPU:total 4 (initial active 4) (2 cores per cpu, 2 threads per core) family 6 model 58 stepping 9, cmov, cx8, fxsr, mmx, sse, sse2, sse3, ssse3, sse4.1, sse4.2, popcnt, avx, clmul, erms, ht, tsc, tscinvbit, tscinv

Memory: 4k page, system-wide physical 3991M (581M free)
TotalPageFile size 5524M (AvailPageFile size 172M)
current process WorkingSet (physical memory assigned to process): 87M, peak: 90M
current process commit charge ("private bytes"): 155M, peak: 161M

vm_info: Java HotSpot(TM) 64-Bit Server VM (12+33) for windows-amd64 JRE (12+33), built on Feb 21 2019 02:31:50 by "mach5one" with MS VC++ 15.5 (VS2017)

END.
